\BOOKMARK [1][-]{section.1}{\376\377\176\352\213\272}{}% 1
\BOOKMARK [2][-]{subsection.1.1}{\376\377\170\024\172\166\200\314\146\157}{section.1}% 2
\BOOKMARK [2][-]{subsection.1.2}{\376\377\170\024\172\166\141\017\116\111}{section.1}% 3
\BOOKMARK [2][-]{subsection.1.3}{\376\377\126\375\121\205\131\026\170\024\172\166\163\260\162\266}{section.1}% 4
\BOOKMARK [3][-]{subsubsection.1.3.1}{\376\377\123\132\133\242\174\373\176\337\170\024\172\166\163\260\162\266}{subsection.1.3}% 5
\BOOKMARK [3][-]{subsubsection.1.3.2}{\376\377\000W\000e\000b\137\000\123\321\142\200\147\057\170\024\172\166\163\260\162\266}{subsection.1.3}% 6
\BOOKMARK [3][-]{subsubsection.1.3.3}{\376\377\143\322\116\366\142\151\134\125\147\072\122\066\170\024\172\166\163\260\162\266}{subsection.1.3}% 7
\BOOKMARK [2][-]{subsection.1.4}{\376\377\213\272\145\207\176\323\147\204\133\211\143\222}{section.1}% 8
\BOOKMARK [1][-]{section.2}{\376\377\137\000\123\321\163\257\130\203\123\312\166\370\121\163\142\200\147\057}{}% 9
\BOOKMARK [2][-]{subsection.2.1}{\376\377\000J\000a\000v\000a\213\355\212\000\173\200\116\313}{section.2}% 10
\BOOKMARK [2][-]{subsection.2.2}{\376\377\000S\000p\000r\000i\000n\000g\000\040\000B\000o\000o\000t\150\106\147\266}{section.2}% 11
\BOOKMARK [2][-]{subsection.2.3}{\376\377\000V\000u\000e\000.\000j\000s\122\115\172\357\150\106\147\266}{section.2}% 12
\BOOKMARK [2][-]{subsection.2.4}{\376\377\145\160\143\156\136\223\142\200\147\057}{section.2}% 13
\BOOKMARK [2][-]{subsection.2.5}{\376\377\121\166\116\326\166\370\121\163\142\200\147\057}{section.2}% 14
\BOOKMARK [2][-]{subsection.2.6}{\376\377\147\054\172\340\134\017\176\323}{section.2}% 15
\BOOKMARK [1][-]{section.3}{\376\377\174\373\176\337\227\000\154\102\122\006\147\220}{}% 16
\BOOKMARK [2][-]{subsection.3.1}{\376\377\227\000\154\102\203\267\123\326}{section.3}% 17
\BOOKMARK [2][-]{subsection.3.2}{\376\377\122\237\200\375\227\000\154\102\122\006\147\220}{section.3}% 18
\BOOKMARK [3][-]{subsubsection.3.2.1}{\376\377\174\373\176\337\165\050\142\067\211\322\202\162\122\006\147\220}{subsection.3.2}% 19
\BOOKMARK [3][-]{subsubsection.3.2.2}{\376\377\165\050\117\213\122\006\147\220}{subsection.3.2}% 20
\BOOKMARK [3][-]{subsubsection.3.2.3}{\376\377\116\073\211\201\122\237\200\375\155\101\172\013}{subsection.3.2}% 21
\BOOKMARK [2][-]{subsection.3.3}{\376\377\227\136\122\237\200\375\227\000\154\102\122\006\147\220}{section.3}% 22
\BOOKMARK [2][-]{subsection.3.4}{\376\377\174\373\176\337\147\266\147\204\213\276\213\241}{section.3}% 23
\BOOKMARK [3][-]{subsubsection.3.4.1}{\376\377\122\237\200\375\152\041\127\127\122\022\122\006}{subsection.3.4}% 24
\BOOKMARK [3][-]{subsubsection.3.4.2}{\376\377\145\160\143\156\136\223\213\276\213\241}{subsection.3.4}% 25
\BOOKMARK [2][-]{subsection.3.5}{\376\377\147\054\172\340\134\017\176\323}{section.3}% 26
\BOOKMARK [1][-]{section.4}{\376\377\174\373\176\337\213\276\213\241}{}% 27
\BOOKMARK [2][-]{subsection.4.1}{\376\377\174\373\176\337\147\266\147\204\213\276\213\241}{section.4}% 28
\BOOKMARK [2][-]{subsection.4.2}{\376\377\122\237\200\375\152\041\127\127\213\276\213\241}{section.4}% 29
\BOOKMARK [3][-]{subsubsection.4.2.1}{\376\377\165\050\142\067\152\041\127\127\213\276\213\241}{subsection.4.2}% 30
\BOOKMARK [3][-]{subsubsection.4.2.2}{\376\377\145\207\172\340\152\041\127\127\213\276\213\241}{subsection.4.2}% 31
\BOOKMARK [3][-]{subsubsection.4.2.3}{\376\377\213\304\213\272\152\041\127\127\213\276\213\241}{subsection.4.2}% 32
\BOOKMARK [3][-]{subsubsection.4.2.4}{\376\377\144\034\175\042\152\041\127\127\213\276\213\241}{subsection.4.2}% 33
\BOOKMARK [2][-]{subsection.4.3}{\376\377\145\160\143\156\136\223\213\276\213\241}{section.4}% 34
\BOOKMARK [3][-]{subsubsection.4.3.1}{\376\377\000E\000R\126\376\213\276\213\241}{subsection.4.3}% 35
\BOOKMARK [3][-]{subsubsection.4.3.2}{\376\377\145\160\143\156\210\150\176\323\147\204}{subsection.4.3}% 36
\BOOKMARK [3][-]{subsubsection.4.3.3}{\376\377\175\042\137\025\117\030\123\026\173\126\165\145}{subsection.4.3}% 37
\BOOKMARK [2][-]{subsection.4.4}{\376\377\143\245\123\343\213\276\213\241}{section.4}% 38
\BOOKMARK [3][-]{subsubsection.4.4.1}{\376\377\000A\000P\000I\211\304\203\003}{subsection.4.4}% 39
\BOOKMARK [3][-]{subsubsection.4.4.2}{\376\377\116\073\211\201\143\245\123\343\133\232\116\111}{subsection.4.4}% 40
\BOOKMARK [2][-]{subsection.4.5}{\376\377\147\054\172\340\134\017\176\323}{section.4}% 41
\BOOKMARK [1][-]{section.5}{\376\377\174\373\176\337\133\236\163\260}{}% 42
\BOOKMARK [2][-]{subsection.5.1}{\376\377\137\000\123\321\163\257\130\203\144\055\136\372}{section.5}% 43
\BOOKMARK [2][-]{subsection.5.2}{\376\377\124\016\172\357\150\070\137\303\122\237\200\375\133\236\163\260}{section.5}% 44
\BOOKMARK [3][-]{subsubsection.5.2.1}{\376\377\165\050\142\067\213\244\213\301\133\236\163\260}{subsection.5.2}% 45
\BOOKMARK [3][-]{subsubsection.5.2.2}{\376\377\145\207\172\340\173\241\164\006\133\236\163\260}{subsection.5.2}% 46
\BOOKMARK [3][-]{subsubsection.5.2.3}{\376\377\213\304\213\272\122\237\200\375\133\236\163\260}{subsection.5.2}% 47
\BOOKMARK [2][-]{subsection.5.3}{\376\377\122\115\172\357\150\070\137\303\122\237\200\375\133\236\163\260}{section.5}% 48
\BOOKMARK [3][-]{subsubsection.5.3.1}{\376\377\230\171\166\356\176\323\147\204}{subsection.5.3}% 49
\BOOKMARK [3][-]{subsubsection.5.3.2}{\376\377\124\315\136\224\137\017\162\266\140\001\173\241\164\006}{subsection.5.3}% 50
\BOOKMARK [3][-]{subsubsection.5.3.3}{\376\377\000M\000a\000r\000k\000d\000o\000w\000n\177\026\217\221\126\150\133\236\163\260}{subsection.5.3}% 51
\BOOKMARK [2][-]{subsection.5.4}{\376\377\143\322\116\366\147\072\122\066\133\236\163\260}{section.5}% 52
\BOOKMARK [3][-]{subsubsection.5.4.1}{\376\377\142\151\134\125\160\271\133\232\116\111}{subsection.5.4}% 53
\BOOKMARK [3][-]{subsubsection.5.4.2}{\376\377\143\322\116\366\122\240\217\175\147\072\122\066}{subsection.5.4}% 54
\BOOKMARK [2][-]{subsection.5.5}{\376\377\147\054\172\340\134\017\176\323}{section.5}% 55
\BOOKMARK [1][-]{section.6}{\376\377\174\373\176\337\217\320\210\114\116\016\155\113\213\325}{}% 56
\BOOKMARK [2][-]{subsection.6.1}{\376\377\155\113\213\325\145\271\150\110\213\276\213\241}{section.6}% 57
\BOOKMARK [3][-]{subsubsection.6.1.1}{\376\377\155\113\213\325\166\356\150\007}{subsection.6.1}% 58
\BOOKMARK [3][-]{subsubsection.6.1.2}{\376\377\155\113\213\325\163\257\130\203}{subsection.6.1}% 59
\BOOKMARK [2][-]{subsection.6.2}{\376\377\122\237\200\375\155\113\213\325}{section.6}% 60
\BOOKMARK [3][-]{subsubsection.6.2.1}{\376\377\165\050\142\067\152\041\127\127\155\113\213\325}{subsection.6.2}% 61
\BOOKMARK [3][-]{subsubsection.6.2.2}{\376\377\145\207\172\340\152\041\127\127\155\113\213\325}{subsection.6.2}% 62
\BOOKMARK [3][-]{subsubsection.6.2.3}{\376\377\213\304\213\272\152\041\127\127\155\113\213\325}{subsection.6.2}% 63
\BOOKMARK [2][-]{subsection.6.3}{\376\377\140\047\200\375\155\113\213\325}{section.6}% 64
\BOOKMARK [3][-]{subsubsection.6.3.1}{\376\377\123\213\122\233\155\113\213\325}{subsection.6.3}% 65
\BOOKMARK [3][-]{subsubsection.6.3.2}{\376\377\177\023\133\130\145\110\147\234\155\113\213\325}{subsection.6.3}% 66
\BOOKMARK [3][-]{subsubsection.6.3.3}{\376\377\144\034\175\042\140\047\200\375\155\113\213\325}{subsection.6.3}% 67
\BOOKMARK [2][-]{subsection.6.4}{\376\377\155\113\213\325\176\323\147\234\122\006\147\220}{section.6}% 68
\BOOKMARK [2][-]{subsection.6.5}{\376\377\147\054\172\340\134\017\176\323}{section.6}% 69
\BOOKMARK [1][-]{section.7}{\376\377\140\073\176\323\116\016\134\125\147\033}{}% 70
\BOOKMARK [2][-]{subsection.7.1}{\376\377\135\345\117\134\140\073\176\323}{section.7}% 71
\BOOKMARK [2][-]{subsection.7.2}{\376\377\133\130\127\050\166\204\116\015\215\263}{section.7}% 72
\BOOKMARK [2][-]{subsection.7.3}{\376\377\147\052\147\145\134\125\147\033}{section.7}% 73
\BOOKMARK [1][-]{subsection.7.3}{\376\377\123\302\200\003\145\207\163\056}{}% 74
\BOOKMARK [1][-]{subsection.7.3}{\376\377\201\364\214\042}{}% 75
