This is XeTeX, Version 3.141592653-2.6-0.999998 (TeX Live 2026) (preloaded format=xelatex 2026.3.28)  22 APR 2026 00:54
entering extended mode
 restricted \write18 enabled.
 %&-line parsing enabled.
**main.tex
(./main.tex
LaTeX2e <2025-11-01>
L3 programming layer <2026-01-19>
(./SCAU.cls
Document Class: SCAU 2021/02/23 v0.1 Thesis Class of SCAU

(/Volumes/AppleDisk/software/tex/texlive/2026/texmf-dist/tex/latex/kvoptions/kv
options.sty
Package: kvoptions 2022-06-15 v3.15 Key value format for package options (HO)

(/Volumes/AppleDisk/software/tex/texlive/2026/texmf-dist/tex/latex/graphics/key
val.sty
Package: keyval 2022/05/29 v1.15 key=value parser (DPC)
\KV@toks@=\toks17
)
(/Volumes/AppleDisk/software/tex/texlive/2026/texmf-dist/tex/generic/ltxcmds/lt
xcmds.sty
Package: ltxcmds 2023-12-04 v1.26 LaTeX kernel commands for general use (HO)
)
(/Volumes/AppleDisk/software/tex/texlive/2026/texmf-dist/tex/latex/kvsetkeys/kv
setkeys.sty
Package: kvsetkeys 2022-10-05 v1.19 Key value parser (HO)
))
(/Volumes/AppleDisk/software/tex/texlive/2026/texmf-dist/tex/latex/etoolbox/eto
olbox.sty
Package: etoolbox 2025/10/02 v2.5m e-TeX tools for LaTeX (JAW)
\etb@tempcnta=\count271
)
(/Volumes/AppleDisk/software/tex/texlive/2026/texmf-dist/tex/latex/tools/calc.s
ty
Package: calc 2025/03/01 v4.3b Infix arithmetic (KKT,FJ)
\calc@Acount=\count272
\calc@Bcount=\count273
\calc@Adimen=\dimen148
\calc@Bdimen=\dimen149
\calc@Askip=\skip49
\calc@Bskip=\skip50
LaTeX Info: Redefining \setlength on input line 86.
LaTeX Info: Redefining \addtolength on input line 87.
\calc@Ccount=\count274
\calc@Cskip=\skip51
)
(/Volumes/AppleDisk/software/tex/texlive/2026/texmf-dist/tex/latex/base/article
.cls
Document Class: article 2025/01/22 v1.4n Standard LaTeX document class

(/Volumes/AppleDisk/software/tex/texlive/2026/texmf-dist/tex/latex/base/size10.
clo
File: size10.clo 2025/01/22 v1.4n Standard LaTeX file (size option)
)
\c@part=\count275
\c@section=\count276
\c@subsection=\count277
\c@subsubsection=\count278
\c@paragraph=\count279
\c@subparagraph=\count280
\c@figure=\count281
\c@table=\count282
\abovecaptionskip=\skip52
\belowcaptionskip=\skip53
\bibindent=\dimen150
)
(/Volumes/AppleDisk/software/tex/texlive/2026/texmf-dist/tex/latex/geometry/geo
metry.sty
Package: geometry 2026/03/07 v6.0 Page Geometry

(/Volumes/AppleDisk/software/tex/texlive/2026/texmf-dist/tex/generic/iftex/ifvt
ex.sty
Package: ifvtex 2019/10/25 v1.7 ifvtex legacy package. Use iftex instead.

(/Volumes/AppleDisk/software/tex/texlive/2026/texmf-dist/tex/generic/iftex/ifte
x.sty
Package: iftex 2024/12/12 v1.0g TeX engine tests
))
\Gm@cnth=\count283
\Gm@cntv=\count284
\c@Gm@tempcnt=\count285
\Gm@bindingoffset=\dimen151
\Gm@wd@mp=\dimen152
\Gm@odd@mp=\dimen153
\Gm@even@mp=\dimen154
\Gm@layoutwidth=\dimen155
\Gm@layoutheight=\dimen156
\Gm@layouthoffset=\dimen157
\Gm@layoutvoffset=\dimen158
\Gm@dimlist=\toks18
)
(/Volumes/AppleDisk/software/tex/texlive/2026/texmf-dist/tex/latex/amscls/amsth
m.sty
Package: amsthm 2020/05/29 v2.20.6
\thm@style=\toks19
\thm@bodyfont=\toks20
\thm@headfont=\toks21
\thm@notefont=\toks22
\thm@headpunct=\toks23
\thm@preskip=\skip54
\thm@postskip=\skip55
\thm@headsep=\skip56
\dth@everypar=\toks24
)
(/Volumes/AppleDisk/software/tex/texlive/2026/texmf-dist/tex/latex/amsmath/amsm
ath.sty
Package: amsmath 2025/07/09 v2.17z AMS math features
\@mathmargin=\skip57

For additional information on amsmath, use the `?' option.

(/Volumes/AppleDisk/software/tex/texlive/2026/texmf-dist/tex/latex/amsmath/amst
ext.sty
Package: amstext 2024/11/17 v2.01 AMS text

(/Volumes/AppleDisk/software/tex/texlive/2026/texmf-dist/tex/latex/amsmath/amsg
en.sty
File: amsgen.sty 1999/11/30 v2.0 generic functions
\@emptytoks=\toks25
\ex@=\dimen159
))
(/Volumes/AppleDisk/software/tex/texlive/2026/texmf-dist/tex/latex/amsmath/amsb
sy.sty
Package: amsbsy 1999/11/29 v1.2d Bold Symbols
\pmbraise@=\dimen160
)
(/Volumes/AppleDisk/software/tex/texlive/2026/texmf-dist/tex/latex/amsmath/amso
pn.sty
Package: amsopn 2022/04/08 v2.04 operator names
)
\inf@bad=\count286
LaTeX Info: Redefining \frac on input line 233.
\uproot@=\count287
\leftroot@=\count288
LaTeX Info: Redefining \overline on input line 398.
LaTeX Info: Redefining \colon on input line 409.
\classnum@=\count289
\DOTSCASE@=\count290
LaTeX Info: Redefining \ldots on input line 495.
LaTeX Info: Redefining \dots on input line 498.
LaTeX Info: Redefining \cdots on input line 619.
\Mathstrutbox@=\box53
\strutbox@=\box54
LaTeX Info: Redefining \big on input line 721.
LaTeX Info: Redefining \Big on input line 722.
LaTeX Info: Redefining \bigg on input line 723.
LaTeX Info: Redefining \Bigg on input line 724.
\big@size=\dimen161
LaTeX Font Info:    Redeclaring font encoding OML on input line 742.
LaTeX Font Info:    Redeclaring font encoding OMS on input line 743.
\macc@depth=\count291
LaTeX Info: Redefining \bmod on input line 904.
LaTeX Info: Redefining \pmod on input line 909.
LaTeX Info: Redefining \smash on input line 939.
LaTeX Info: Redefining \relbar on input line 969.
LaTeX Info: Redefining \Relbar on input line 970.
\c@MaxMatrixCols=\count292
\dotsspace@=\muskip17
\c@parentequation=\count293
\dspbrk@lvl=\count294
\tag@help=\toks26
\row@=\count295
\column@=\count296
\maxfields@=\count297
\andhelp@=\toks27
\eqnshift@=\dimen162
\alignsep@=\dimen163
\tagshift@=\dimen164
\tagwidth@=\dimen165
\totwidth@=\dimen166
\lineht@=\dimen167
\@envbody=\toks28
\multlinegap=\skip58
\multlinetaggap=\skip59
\mathdisplay@stack=\toks29
LaTeX Info: Redefining \[ on input line 2950.
LaTeX Info: Redefining \] on input line 2951.
)
(/Volumes/AppleDisk/software/tex/texlive/2026/texmf-dist/tex/latex/amsfonts/ams
symb.sty
Package: amssymb 2013/01/14 v3.01 AMS font symbols

(/Volumes/AppleDisk/software/tex/texlive/2026/texmf-dist/tex/latex/amsfonts/ams
fonts.sty
Package: amsfonts 2013/01/14 v3.01 Basic AMSFonts support
\symAMSa=\mathgroup4
\symAMSb=\mathgroup5
LaTeX Font Info:    Redeclaring math symbol \hbar on input line 98.
LaTeX Font Info:    Overwriting math alphabet `\mathfrak' in version `bold'
(Font)                  U/euf/m/n --> U/euf/b/n on input line 106.
))
(/Volumes/AppleDisk/software/tex/texlive/2026/texmf-dist/tex/latex/tools/indent
first.sty
Package: indentfirst 2023/07/02 v1.03 Indent first paragraph (DPC)
)
(/Volumes/AppleDisk/software/tex/texlive/2026/texmf-dist/tex/latex/booktabs/boo
ktabs.sty
Package: booktabs 2020/01/12 v1.61803398 Publication quality tables
\heavyrulewidth=\dimen168
\lightrulewidth=\dimen169
\cmidrulewidth=\dimen170
\belowrulesep=\dimen171
\belowbottomsep=\dimen172
\aboverulesep=\dimen173
\abovetopsep=\dimen174
\cmidrulesep=\dimen175
\cmidrulekern=\dimen176
\defaultaddspace=\dimen177
\@cmidla=\count298
\@cmidlb=\count299
\@aboverulesep=\dimen178
\@belowrulesep=\dimen179
\@thisruleclass=\count300
\@lastruleclass=\count301
\@thisrulewidth=\dimen180
)
(/Volumes/AppleDisk/software/tex/texlive/2026/texmf-dist/tex/latex/tools/multic
ol.sty
Package: multicol 2025/10/21 v2.0b multicolumn formatting (FMi)
\c@tracingmulticols=\count302
\mult@box=\box55
\multicol@leftmargin=\dimen181
\c@unbalance=\count303
\c@collectmore=\count304
\doublecol@number=\count305
\multicoltolerance=\count306
\multicolpretolerance=\count307
\full@width=\dimen182
\page@free=\dimen183
\premulticols=\dimen184
\postmulticols=\dimen185
\multicolsep=\skip60
\multicolbaselineskip=\skip61
\partial@page=\box56
\last@line=\box57
\mc@boxedresult=\box58
\maxbalancingoverflow=\dimen186
\mult@rightbox=\box59
\mult@grightbox=\box60
\mult@firstbox=\box61
\mult@gfirstbox=\box62
\@tempa=\box63
\@tempa=\box64
\@tempa=\box65
\@tempa=\box66
\@tempa=\box67
\@tempa=\box68
\@tempa=\box69
\@tempa=\box70
\@tempa=\box71
\@tempa=\box72
\@tempa=\box73
\@tempa=\box74
\@tempa=\box75
\@tempa=\box76
\@tempa=\box77
\@tempa=\box78
\@tempa=\box79
\@tempa=\box80
\@tempa=\box81
\@tempa=\box82
\@tempa=\box83
\@tempa=\box84
\@tempa=\box85
\@tempa=\box86
\@tempa=\box87
\@tempa=\box88
\@tempa=\box89
\@tempa=\box90
\@tempa=\box91
\@tempa=\box92
\@tempa=\box93
\@tempa=\box94
\@tempa=\box95
\@tempa=\box96
\@tempa=\box97
\@tempa=\box98
\c@minrows=\count308
\c@columnbadness=\count309
\c@finalcolumnbadness=\count310
\last@try=\dimen187
\multicolovershoot=\dimen188
\multicolundershoot=\dimen189
\mult@nat@firstbox=\box99
\colbreak@box=\box100
\mc@col@check@num=\count311
\g__mc_curr_col_int=\count312
)
(/Volumes/AppleDisk/software/tex/texlive/2026/texmf-dist/tex/latex/multirow/mul
tirow.sty
Package: multirow 2024/11/12 v2.9 Span multiple rows of a table
\multirow@colwidth=\skip62
\multirow@cntb=\count313
\multirow@dima=\skip63
\bigstrutjot=\dimen190
)
(/Volumes/AppleDisk/software/tex/texlive/2026/texmf-dist/tex/latex/xcolor/xcolo
r.sty
Package: xcolor 2024/09/29 v3.02 LaTeX color extensions (UK)

(/Volumes/AppleDisk/software/tex/texlive/2026/texmf-dist/tex/latex/graphics-cfg
/color.cfg
File: color.cfg 2016/01/02 v1.6 sample color configuration
)
Package xcolor Info: Driver file: xetex.def on input line 274.

(/Volumes/AppleDisk/software/tex/texlive/2026/texmf-dist/tex/latex/graphics-def
/xetex.def
File: xetex.def 2025/11/01 v5.0p Graphics/color driver for xetex
)
(/Volumes/AppleDisk/software/tex/texlive/2026/texmf-dist/tex/latex/graphics/mat
hcolor.ltx)
Package xcolor Info: Model `cmy' substituted by `cmy0' on input line 1349.
Package xcolor Info: Model `RGB' extended on input line 1365.
Package xcolor Info: Model `HTML' substituted by `rgb' on input line 1367.
Package xcolor Info: Model `Hsb' substituted by `hsb' on input line 1368.
Package xcolor Info: Model `tHsb' substituted by `hsb' on input line 1369.
Package xcolor Info: Model `HSB' substituted by `hsb' on input line 1370.
Package xcolor Info: Model `Gray' substituted by `gray' on input line 1371.
Package xcolor Info: Model `wave' substituted by `hsb' on input line 1372.
)
(/Volumes/AppleDisk/software/tex/texlive/2026/texmf-dist/tex/latex/graphics/gra
phicx.sty
Package: graphicx 2024/12/31 v1.2e Enhanced LaTeX Graphics (DPC,SPQR)

(/Volumes/AppleDisk/software/tex/texlive/2026/texmf-dist/tex/latex/graphics/gra
phics.sty
Package: graphics 2024/08/06 v1.4g Standard LaTeX Graphics (DPC,SPQR)

(/Volumes/AppleDisk/software/tex/texlive/2026/texmf-dist/tex/latex/graphics/tri
g.sty
Package: trig 2023/12/02 v1.11 sin cos tan (DPC)
)
(/Volumes/AppleDisk/software/tex/texlive/2026/texmf-dist/tex/latex/graphics-cfg
/graphics.cfg
File: graphics.cfg 2016/06/04 v1.11 sample graphics configuration
)
Package graphics Info: Driver file: xetex.def on input line 106.
)
\Gin@req@height=\dimen191
\Gin@req@width=\dimen192
)
(/Volumes/AppleDisk/software/tex/texlive/2026/texmf-dist/tex/latex/fancyhdr/fan
cyhdr.sty
Package: fancyhdr 2025/02/07 v5.2 Extensive control of page headers and footers

\f@nch@headwidth=\skip64
\f@nch@offset@elh=\skip65
\f@nch@offset@erh=\skip66
\f@nch@offset@olh=\skip67
\f@nch@offset@orh=\skip68
\f@nch@offset@elf=\skip69
\f@nch@offset@erf=\skip70
\f@nch@offset@olf=\skip71
\f@nch@offset@orf=\skip72
\f@nch@height=\skip73
\f@nch@footalignment=\skip74
\f@nch@widthL=\skip75
\f@nch@widthC=\skip76
\f@nch@widthR=\skip77
\@temptokenb=\toks30
)
(/Volumes/AppleDisk/software/tex/texlive/2026/texmf-dist/tex/generic/hologo/hol
ogo.sty
Package: hologo 2025-11-11 v1.16 A logo collection with bookmark support (HO)

(/Volumes/AppleDisk/software/tex/texlive/2026/texmf-dist/tex/generic/infwarerr/
infwarerr.sty
Package: infwarerr 2019/12/03 v1.5 Providing info/warning/error messages (HO)
)
(/Volumes/AppleDisk/software/tex/texlive/2026/texmf-dist/tex/generic/kvdefineke
ys/kvdefinekeys.sty
Package: kvdefinekeys 2019-12-19 v1.6 Define keys (HO)
)
(/Volumes/AppleDisk/software/tex/texlive/2026/texmf-dist/tex/generic/pdftexcmds
/pdftexcmds.sty
Package: pdftexcmds 2020-06-27 v0.33 Utility functions of pdfTeX for LuaTeX (HO
)
Package pdftexcmds Info: \pdf@primitive is available.
Package pdftexcmds Info: \pdf@ifprimitive is available.
Package pdftexcmds Info: \pdfdraftmode not found.
))
(/Volumes/AppleDisk/software/tex/texlive/2026/texmf-dist/tex/latex/tools/array.
sty
Package: array 2025/09/25 v2.6n Tabular extension package (FMi)
\col@sep=\dimen193
\ar@mcellbox=\box101
\extrarowheight=\dimen194
\NC@list=\toks31
\extratabsurround=\skip78
\backup@length=\skip79
\ar@cellbox=\box102
)
(/Volumes/AppleDisk/software/tex/texlive/2026/texmf-dist/tex/latex/hyperref/hyp
erref.sty
Package: hyperref 2026-01-29 v7.01p Hypertext links for LaTeX

(/Volumes/AppleDisk/software/tex/texlive/2026/texmf-dist/tex/generic/pdfescape/
pdfescape.sty
Package: pdfescape 2019/12/09 v1.15 Implements pdfTeX's escape features (HO)
)
(/Volumes/AppleDisk/software/tex/texlive/2026/texmf-dist/tex/latex/hycolor/hyco
lor.sty
Package: hycolor 2020-01-27 v1.10 Color options for hyperref/bookmark (HO)
)
(/Volumes/AppleDisk/software/tex/texlive/2026/texmf-dist/tex/latex/hyperref/nam
eref.sty
Package: nameref 2026-01-29 v2.58 Cross-referencing by name of section

(/Volumes/AppleDisk/software/tex/texlive/2026/texmf-dist/tex/latex/refcount/ref
count.sty
Package: refcount 2019/12/15 v3.6 Data extraction from label references (HO)
)
(/Volumes/AppleDisk/software/tex/texlive/2026/texmf-dist/tex/generic/gettitlest
ring/gettitlestring.sty
Package: gettitlestring 2019/12/15 v1.6 Cleanup title references (HO)
)
\c@section@level=\count314
)
(/Volumes/AppleDisk/software/tex/texlive/2026/texmf-dist/tex/generic/stringenc/
stringenc.sty
Package: stringenc 2019/11/29 v1.12 Convert strings between diff. encodings (HO
)
)
\@linkdim=\dimen195
\Hy@linkcounter=\count315
\Hy@pagecounter=\count316

(/Volumes/AppleDisk/software/tex/texlive/2026/texmf-dist/tex/latex/hyperref/pd1
enc.def
File: pd1enc.def 2026-01-29 v7.01p Hyperref: PDFDocEncoding definition (HO)
)
(/Volumes/AppleDisk/software/tex/texlive/2026/texmf-dist/tex/generic/intcalc/in
tcalc.sty
Package: intcalc 2019/12/15 v1.3 Expandable calculations with integers (HO)
)
\Hy@SavedSpaceFactor=\count317

(/Volumes/AppleDisk/software/tex/texlive/2026/texmf-dist/tex/latex/hyperref/pue
nc.def
File: puenc.def 2026-01-29 v7.01p Hyperref: PDF Unicode definition (HO)
)
Package hyperref Info: Hyper figures OFF on input line 4201.
Package hyperref Info: Link nesting OFF on input line 4206.
Package hyperref Info: Hyper index ON on input line 4209.
Package hyperref Info: Plain pages OFF on input line 4216.
Package hyperref Info: Backreferencing OFF on input line 4221.
Package hyperref Info: Implicit mode ON; LaTeX internals redefined.
Package hyperref Info: Bookmarks ON on input line 4468.
\c@Hy@tempcnt=\count318

(/Volumes/AppleDisk/software/tex/texlive/2026/texmf-dist/tex/latex/url/url.sty
\Urlmuskip=\muskip18
Package: url 2013/09/16  ver 3.4  Verb mode for urls, etc.
)
LaTeX Info: Redefining \url on input line 4807.
\XeTeXLinkMargin=\dimen196

(/Volumes/AppleDisk/software/tex/texlive/2026/texmf-dist/tex/generic/bitset/bit
set.sty
Package: bitset 2019/12/09 v1.3 Handle bit-vector datatype (HO)

(/Volumes/AppleDisk/software/tex/texlive/2026/texmf-dist/tex/generic/bigintcalc
/bigintcalc.sty
Package: bigintcalc 2019/12/15 v1.5 Expandable calculations on big integers (HO
)
))
\Fld@menulength=\count319
\Field@Width=\dimen197
\Fld@charsize=\dimen198
Package hyperref Info: Hyper figures OFF on input line 6084.
Package hyperref Info: Link nesting OFF on input line 6089.
Package hyperref Info: Hyper index ON on input line 6092.
Package hyperref Info: backreferencing OFF on input line 6099.
Package hyperref Info: Link coloring OFF on input line 6104.
Package hyperref Info: Link coloring with OCG OFF on input line 6109.
Package hyperref Info: PDF/A mode OFF on input line 6114.
\Hy@abspage=\count320
\c@Item=\count321
\c@Hfootnote=\count322
)
Package hyperref Info: Driver (autodetected): hxetex.

(/Volumes/AppleDisk/software/tex/texlive/2026/texmf-dist/tex/latex/hyperref/hxe
tex.def
File: hxetex.def 2026-01-29 v7.01p Hyperref driver for XeTeX
\pdfm@box=\box103
\c@Hy@AnnotLevel=\count323
\HyField@AnnotCount=\count324
\Fld@listcount=\count325
\c@bookmark@seq@number=\count326

(/Volumes/AppleDisk/software/tex/texlive/2026/texmf-dist/tex/latex/rerunfileche
ck/rerunfilecheck.sty
Package: rerunfilecheck 2025-06-21 v1.11 Rerun checks for auxiliary files (HO)

(/Volumes/AppleDisk/software/tex/texlive/2026/texmf-dist/tex/generic/uniquecoun
ter/uniquecounter.sty
Package: uniquecounter 2019/12/15 v1.4 Provide unlimited unique counter (HO)
)
Package uniquecounter Info: New unique counter `rerunfilecheck' on input line 2
84.
)
\Hy@SectionHShift=\skip80
)
Package hyperref Info: Option `colorlinks' set `false' on input line 35.

(/Volumes/AppleDisk/software/tex/texlive/2026/texmf-dist/tex/latex/ctex/ctex.st
y
(/Volumes/AppleDisk/software/tex/texlive/2026/texmf-dist/tex/latex/l3kernel/exp
l3.sty
Package: expl3 2026-01-19 L3 programming layer (loader) 

(/Volumes/AppleDisk/software/tex/texlive/2026/texmf-dist/tex/latex/l3backend/l3
backend-xetex.def
File: l3backend-xetex.def 2025-10-09 L3 backend support: XeTeX
\g__graphics_track_int=\count327
\g__pdfannot_backend_int=\count328
\g__pdfannot_backend_link_int=\count329
))
Package: ctex 2022/07/14 v2.5.10 Chinese adapter in LaTeX (CTEX)

(/Volumes/AppleDisk/software/tex/texlive/2026/texmf-dist/tex/latex/ctex/ctexhoo
k.sty
Package: ctexhook 2022/07/14 v2.5.10 Document and package hooks (CTEX)
)
(/Volumes/AppleDisk/software/tex/texlive/2026/texmf-dist/tex/latex/ctex/ctexpat
ch.sty
Package: ctexpatch 2022/07/14 v2.5.10 Patching commands (CTEX)
)
(/Volumes/AppleDisk/software/tex/texlive/2026/texmf-dist/tex/latex/base/fix-cm.
sty
Package: fix-cm 2020/11/24 v1.1t fixes to LaTeX

(/Volumes/AppleDisk/software/tex/texlive/2026/texmf-dist/tex/latex/base/ts1enc.
def
File: ts1enc.def 2001/06/05 v3.0e (jk/car/fm) Standard LaTeX file
LaTeX Font Info:    Redeclaring font encoding TS1 on input line 47.
LaTeX Encoding Info:    Redeclaring text command \capitalcedilla (encoding TS1)
 on input line 49.
LaTeX Encoding Info:    Redeclaring text command \capitalogonek (encoding TS1) 
on input line 52.
LaTeX Encoding Info:    Redeclaring text command \capitalgrave (encoding TS1) o
n input line 55.
LaTeX Encoding Info:    Redeclaring text command \capitalacute (encoding TS1) o
n input line 56.
LaTeX Encoding Info:    Redeclaring text command \capitalcircumflex (encoding T
S1) on input line 57.
LaTeX Encoding Info:    Redeclaring text command \capitaltilde (encoding TS1) o
n input line 58.
LaTeX Encoding Info:    Redeclaring text command \capitaldieresis (encoding TS1
) on input line 59.
LaTeX Encoding Info:    Redeclaring text command \capitalhungarumlaut (encoding
 TS1) on input line 60.
LaTeX Encoding Info:    Redeclaring text command \capitalring (encoding TS1) on
 input line 61.
LaTeX Encoding Info:    Redeclaring text command \capitalcaron (encoding TS1) o
n input line 62.
LaTeX Encoding Info:    Redeclaring text command \capitalbreve (encoding TS1) o
n input line 63.
LaTeX Encoding Info:    Redeclaring text command \capitalmacron (encoding TS1) 
on input line 64.
LaTeX Encoding Info:    Redeclaring text command \capitaldotaccent (encoding TS
1) on input line 65.
LaTeX Encoding Info:    Redeclaring text command \t (encoding TS1) on input lin
e 66.
LaTeX Encoding Info:    Redeclaring text command \capitaltie (encoding TS1) on 
input line 67.
LaTeX Encoding Info:    Redeclaring text command \newtie (encoding TS1) on inpu
t line 68.
LaTeX Encoding Info:    Redeclaring text command \capitalnewtie (encoding TS1) 
on input line 69.
LaTeX Encoding Info:    Redeclaring text symbol \textcapitalcompwordmark (encod
ing TS1) on input line 70.
LaTeX Encoding Info:    Redeclaring text symbol \textascendercompwordmark (enco
ding TS1) on input line 71.
LaTeX Encoding Info:    Redeclaring text symbol \textquotestraightbase (encodin
g TS1) on input line 72.
LaTeX Encoding Info:    Redeclaring text symbol \textquotestraightdblbase (enco
ding TS1) on input line 73.
LaTeX Encoding Info:    Redeclaring text symbol \texttwelveudash (encoding TS1)
 on input line 74.
LaTeX Encoding Info:    Redeclaring text symbol \textthreequartersemdash (encod
ing TS1) on input line 75.
LaTeX Encoding Info:    Redeclaring text symbol \textleftarrow (encoding TS1) o
n input line 76.
LaTeX Encoding Info:    Redeclaring text symbol \textrightarrow (encoding TS1) 
on input line 77.
LaTeX Encoding Info:    Redeclaring text symbol \textblank (encoding TS1) on in
put line 78.
LaTeX Encoding Info:    Redeclaring text symbol \textdollar (encoding TS1) on i
nput line 79.
LaTeX Encoding Info:    Redeclaring text symbol \textquotesingle (encoding TS1)
 on input line 80.
LaTeX Encoding Info:    Redeclaring text command \textasteriskcentered (encodin
g TS1) on input line 81.
LaTeX Encoding Info:    Redeclaring text symbol \textdblhyphen (encoding TS1) o
n input line 92.
LaTeX Encoding Info:    Redeclaring text symbol \textfractionsolidus (encoding 
TS1) on input line 93.
LaTeX Encoding Info:    Redeclaring text symbol \textzerooldstyle (encoding TS1
) on input line 94.
LaTeX Encoding Info:    Redeclaring text symbol \textoneoldstyle (encoding TS1)
 on input line 95.
LaTeX Encoding Info:    Redeclaring text symbol \texttwooldstyle (encoding TS1)
 on input line 96.
LaTeX Encoding Info:    Redeclaring text symbol \textthreeoldstyle (encoding TS
1) on input line 97.
LaTeX Encoding Info:    Redeclaring text symbol \textfouroldstyle (encoding TS1
) on input line 98.
LaTeX Encoding Info:    Redeclaring text symbol \textfiveoldstyle (encoding TS1
) on input line 99.
LaTeX Encoding Info:    Redeclaring text symbol \textsixoldstyle (encoding TS1)
 on input line 100.
LaTeX Encoding Info:    Redeclaring text symbol \textsevenoldstyle (encoding TS
1) on input line 101.
LaTeX Encoding Info:    Redeclaring text symbol \texteightoldstyle (encoding TS
1) on input line 102.
LaTeX Encoding Info:    Redeclaring text symbol \textnineoldstyle (encoding TS1
) on input line 103.
LaTeX Encoding Info:    Redeclaring text symbol \textlangle (encoding TS1) on i
nput line 104.
LaTeX Encoding Info:    Redeclaring text symbol \textminus (encoding TS1) on in
put line 105.
LaTeX Encoding Info:    Redeclaring text symbol \textrangle (encoding TS1) on i
nput line 106.
LaTeX Encoding Info:    Redeclaring text symbol \textmho (encoding TS1) on inpu
t line 107.
LaTeX Encoding Info:    Redeclaring text symbol \textbigcircle (encoding TS1) o
n input line 108.
LaTeX Encoding Info:    Redeclaring text command \textcircled (encoding TS1) on
 input line 109.
LaTeX Encoding Info:    Redeclaring text symbol \textohm (encoding TS1) on inpu
t line 115.
LaTeX Encoding Info:    Redeclaring text symbol \textlbrackdbl (encoding TS1) o
n input line 116.
LaTeX Encoding Info:    Redeclaring text symbol \textrbrackdbl (encoding TS1) o
n input line 117.
LaTeX Encoding Info:    Redeclaring text symbol \textuparrow (encoding TS1) on 
input line 118.
LaTeX Encoding Info:    Redeclaring text symbol \textdownarrow (encoding TS1) o
n input line 119.
LaTeX Encoding Info:    Redeclaring text symbol \textasciigrave (encoding TS1) 
on input line 120.
LaTeX Encoding Info:    Redeclaring text symbol \textborn (encoding TS1) on inp
ut line 121.
LaTeX Encoding Info:    Redeclaring text symbol \textdivorced (encoding TS1) on
 input line 122.
LaTeX Encoding Info:    Redeclaring text symbol \textdied (encoding TS1) on inp
ut line 123.
LaTeX Encoding Info:    Redeclaring text symbol \textleaf (encoding TS1) on inp
ut line 124.
LaTeX Encoding Info:    Redeclaring text symbol \textmarried (encoding TS1) on 
input line 125.
LaTeX Encoding Info:    Redeclaring text symbol \textmusicalnote (encoding TS1)
 on input line 126.
LaTeX Encoding Info:    Redeclaring text symbol \texttildelow (encoding TS1) on
 input line 127.
LaTeX Encoding Info:    Redeclaring text symbol \textdblhyphenchar (encoding TS
1) on input line 128.
LaTeX Encoding Info:    Redeclaring text symbol \textasciibreve (encoding TS1) 
on input line 129.
LaTeX Encoding Info:    Redeclaring text symbol \textasciicaron (encoding TS1) 
on input line 130.
LaTeX Encoding Info:    Redeclaring text symbol \textacutedbl (encoding TS1) on
 input line 131.
LaTeX Encoding Info:    Redeclaring text symbol \textgravedbl (encoding TS1) on
 input line 132.
LaTeX Encoding Info:    Redeclaring text symbol \textdagger (encoding TS1) on i
nput line 133.
LaTeX Encoding Info:    Redeclaring text symbol \textdaggerdbl (encoding TS1) o
n input line 134.
LaTeX Encoding Info:    Redeclaring text symbol \textbardbl (encoding TS1) on i
nput line 135.
LaTeX Encoding Info:    Redeclaring text symbol \textperthousand (encoding TS1)
 on input line 136.
LaTeX Encoding Info:    Redeclaring text symbol \textbullet (encoding TS1) on i
nput line 137.
LaTeX Encoding Info:    Redeclaring text symbol \textcelsius (encoding TS1) on 
input line 138.
LaTeX Encoding Info:    Redeclaring text symbol \textdollaroldstyle (encoding T
S1) on input line 139.
LaTeX Encoding Info:    Redeclaring text symbol \textcentoldstyle (encoding TS1
) on input line 140.
LaTeX Encoding Info:    Redeclaring text symbol \textflorin (encoding TS1) on i
nput line 141.
LaTeX Encoding Info:    Redeclaring text symbol \textcolonmonetary (encoding TS
1) on input line 142.
LaTeX Encoding Info:    Redeclaring text symbol \textwon (encoding TS1) on inpu
t line 143.
LaTeX Encoding Info:    Redeclaring text symbol \textnaira (encoding TS1) on in
put line 144.
LaTeX Encoding Info:    Redeclaring text symbol \textguarani (encoding TS1) on 
input line 145.
LaTeX Encoding Info:    Redeclaring text symbol \textpeso (encoding TS1) on inp
ut line 146.
LaTeX Encoding Info:    Redeclaring text symbol \textlira (encoding TS1) on inp
ut line 147.
LaTeX Encoding Info:    Redeclaring text symbol \textrecipe (encoding TS1) on i
nput line 148.
LaTeX Encoding Info:    Redeclaring text symbol \textinterrobang (encoding TS1)
 on input line 149.
LaTeX Encoding Info:    Redeclaring text symbol \textinterrobangdown (encoding 
TS1) on input line 150.
LaTeX Encoding Info:    Redeclaring text symbol \textdong (encoding TS1) on inp
ut line 151.
LaTeX Encoding Info:    Redeclaring text symbol \texttrademark (encoding TS1) o
n input line 152.
LaTeX Encoding Info:    Redeclaring text symbol \textpertenthousand (encoding T
S1) on input line 153.
LaTeX Encoding Info:    Redeclaring text symbol \textpilcrow (encoding TS1) on 
input line 154.
LaTeX Encoding Info:    Redeclaring text symbol \textbaht (encoding TS1) on inp
ut line 155.
LaTeX Encoding Info:    Redeclaring text symbol \textnumero (encoding TS1) on i
nput line 156.
LaTeX Encoding Info:    Redeclaring text symbol \textdiscount (encoding TS1) on
 input line 157.
LaTeX Encoding Info:    Redeclaring text symbol \textestimated (encoding TS1) o
n input line 158.
LaTeX Encoding Info:    Redeclaring text symbol \textopenbullet (encoding TS1) 
on input line 159.
LaTeX Encoding Info:    Redeclaring text symbol \textservicemark (encoding TS1)
 on input line 160.
LaTeX Encoding Info:    Redeclaring text symbol \textlquill (encoding TS1) on i
nput line 161.
LaTeX Encoding Info:    Redeclaring text symbol \textrquill (encoding TS1) on i
nput line 162.
LaTeX Encoding Info:    Redeclaring text symbol \textcent (encoding TS1) on inp
ut line 163.
LaTeX Encoding Info:    Redeclaring text symbol \textsterling (encoding TS1) on
 input line 164.
LaTeX Encoding Info:    Redeclaring text symbol \textcurrency (encoding TS1) on
 input line 165.
LaTeX Encoding Info:    Redeclaring text symbol \textyen (encoding TS1) on inpu
t line 166.
LaTeX Encoding Info:    Redeclaring text symbol \textbrokenbar (encoding TS1) o
n input line 167.
LaTeX Encoding Info:    Redeclaring text symbol \textsection (encoding TS1) on 
input line 168.
LaTeX Encoding Info:    Redeclaring text symbol \textasciidieresis (encoding TS
1) on input line 169.
LaTeX Encoding Info:    Redeclaring text symbol \textcopyright (encoding TS1) o
n input line 170.
LaTeX Encoding Info:    Redeclaring text symbol \textordfeminine (encoding TS1)
 on input line 171.
LaTeX Encoding Info:    Redeclaring text symbol \textcopyleft (encoding TS1) on
 input line 172.
LaTeX Encoding Info:    Redeclaring text symbol \textlnot (encoding TS1) on inp
ut line 173.
LaTeX Encoding Info:    Redeclaring text symbol \textcircledP (encoding TS1) on
 input line 174.
LaTeX Encoding Info:    Redeclaring text symbol \textregistered (encoding TS1) 
on input line 175.
LaTeX Encoding Info:    Redeclaring text symbol \textasciimacron (encoding TS1)
 on input line 176.
LaTeX Encoding Info:    Redeclaring text symbol \textdegree (encoding TS1) on i
nput line 177.
LaTeX Encoding Info:    Redeclaring text symbol \textpm (encoding TS1) on input
 line 178.
LaTeX Encoding Info:    Redeclaring text symbol \texttwosuperior (encoding TS1)
 on input line 179.
LaTeX Encoding Info:    Redeclaring text symbol \textthreesuperior (encoding TS
1) on input line 180.
LaTeX Encoding Info:    Redeclaring text symbol \textasciiacute (encoding TS1) 
on input line 181.
LaTeX Encoding Info:    Redeclaring text symbol \textmu (encoding TS1) on input
 line 182.
LaTeX Encoding Info:    Redeclaring text symbol \textparagraph (encoding TS1) o
n input line 183.
LaTeX Encoding Info:    Redeclaring text symbol \textperiodcentered (encoding T
S1) on input line 184.
LaTeX Encoding Info:    Redeclaring text symbol \textreferencemark (encoding TS
1) on input line 185.
LaTeX Encoding Info:    Redeclaring text symbol \textonesuperior (encoding TS1)
 on input line 186.
LaTeX Encoding Info:    Redeclaring text symbol \textordmasculine (encoding TS1
) on input line 187.
LaTeX Encoding Info:    Redeclaring text symbol \textsurd (encoding TS1) on inp
ut line 188.
LaTeX Encoding Info:    Redeclaring text symbol \textonequarter (encoding TS1) 
on input line 189.
LaTeX Encoding Info:    Redeclaring text symbol \textonehalf (encoding TS1) on 
input line 190.
LaTeX Encoding Info:    Redeclaring text symbol \textthreequarters (encoding TS
1) on input line 191.
LaTeX Encoding Info:    Redeclaring text symbol \texteuro (encoding TS1) on inp
ut line 192.
LaTeX Encoding Info:    Redeclaring text symbol \texttimes (encoding TS1) on in
put line 193.
LaTeX Encoding Info:    Redeclaring text symbol \textdiv (encoding TS1) on inpu
t line 194.
))
\l__ctex_tmp_int=\count330
\l__ctex_tmp_box=\box104
\l__ctex_tmp_dim=\dimen199
\g__ctex_section_depth_int=\count331
\g__ctex_font_size_int=\count332

(/Volumes/AppleDisk/software/tex/texlive/2026/texmf-dist/tex/latex/ctex/config/
ctexopts.cfg
File: ctexopts.cfg 2022/07/14 v2.5.10 Option configuration file (CTEX)
)
(/Volumes/AppleDisk/software/tex/texlive/2026/texmf-dist/tex/latex/ctex/engine/
ctex-engine-xetex.def
File: ctex-engine-xetex.def 2022/07/14 v2.5.10 XeLaTeX adapter (CTEX)

(/Volumes/AppleDisk/software/tex/texlive/2026/texmf-dist/tex/xelatex/xecjk/xeCJ
K.sty
Package: xeCJK 2022/08/05 v3.9.1 Typesetting CJK scripts with XeLaTeX

(/Volumes/AppleDisk/software/tex/texlive/2026/texmf-dist/tex/latex/l3packages/x
template/xtemplate.sty
Package: xtemplate 2025-10-09 L3 Experimental prototype document functions
)
\l__xeCJK_tmp_int=\count333
\l__xeCJK_tmp_box=\box105
\l__xeCJK_tmp_dim=\dimen256
\l__xeCJK_tmp_skip=\skip81
\g__xeCJK_space_factor_int=\count334
\l__xeCJK_begin_int=\count335
\l__xeCJK_end_int=\count336
\c__xeCJK_CJK_class_int=\XeTeXcharclass1
\c__xeCJK_FullLeft_class_int=\XeTeXcharclass2
\c__xeCJK_FullRight_class_int=\XeTeXcharclass3
\c__xeCJK_HalfLeft_class_int=\XeTeXcharclass4
\c__xeCJK_HalfRight_class_int=\XeTeXcharclass5
\c__xeCJK_NormalSpace_class_int=\XeTeXcharclass6
\c__xeCJK_CM_class_int=\XeTeXcharclass7
\c__xeCJK_HangulJamo_class_int=\XeTeXcharclass8
\l__xeCJK_last_skip=\skip82
\c__xeCJK_none_node=\count337
\g__xeCJK_node_int=\count338
\c__xeCJK_CJK_node_dim=\dimen257
\c__xeCJK_CJK-space_node_dim=\dimen258
\c__xeCJK_default_node_dim=\dimen259
\c__xeCJK_CJK-widow_node_dim=\dimen260
\c__xeCJK_normalspace_node_dim=\dimen261
\c__xeCJK_default-space_node_skip=\skip83
\l__xeCJK_ccglue_skip=\skip84
\l__xeCJK_ecglue_skip=\skip85
\l__xeCJK_punct_kern_skip=\skip86
\l__xeCJK_indent_box=\box106
\l__xeCJK_last_penalty_int=\count339
\l__xeCJK_last_bound_dim=\dimen262
\l__xeCJK_last_kern_dim=\dimen263
\l__xeCJK_widow_penalty_int=\count340

LaTeX template Info: Declaring template type 'xeCJK/punctuation' taking 0
(template)           argument(s) on line 2396.

\l__xeCJK_fixed_punct_width_dim=\dimen264
\l__xeCJK_mixed_punct_width_dim=\dimen265
\l__xeCJK_middle_punct_width_dim=\dimen266
\l__xeCJK_fixed_margin_width_dim=\dimen267
\l__xeCJK_mixed_margin_width_dim=\dimen268
\l__xeCJK_middle_margin_width_dim=\dimen269
\l__xeCJK_bound_punct_width_dim=\dimen270
\l__xeCJK_bound_margin_width_dim=\dimen271
\l__xeCJK_margin_minimum_dim=\dimen272
\l__xeCJK_kerning_total_width_dim=\dimen273
\l__xeCJK_same_align_margin_dim=\dimen274
\l__xeCJK_different_align_margin_dim=\dimen275
\l__xeCJK_kerning_margin_width_dim=\dimen276
\l__xeCJK_kerning_margin_minimum_dim=\dimen277
\l__xeCJK_bound_dim=\dimen278
\l__xeCJK_reverse_bound_dim=\dimen279
\l__xeCJK_margin_dim=\dimen280
\l__xeCJK_minimum_bound_dim=\dimen281
\l__xeCJK_kerning_margin_dim=\dimen282
\g__xeCJK_family_int=\count341
\l__xeCJK_fam_int=\count342
\g__xeCJK_fam_allocation_int=\count343
\l__xeCJK_verb_case_int=\count344
\l__xeCJK_verb_exspace_skip=\skip87

(/Volumes/AppleDisk/software/tex/texlive/2026/texmf-dist/tex/latex/fontspec/fon
tspec.sty
(/Volumes/AppleDisk/software/tex/texlive/2026/texmf-dist/tex/latex/l3packages/x
parse/xparse.sty
Package: xparse 2025-10-09 L3 Experimental document command parser
)
Package: fontspec 2025/09/29 v2.9g Font selection for XeLaTeX and LuaLaTeX

(/Volumes/AppleDisk/software/tex/texlive/2026/texmf-dist/tex/latex/fontspec/fon
tspec-xetex.sty
Package: fontspec-xetex 2025/09/29 v2.9g Font selection for XeLaTeX and LuaLaTe
X
\l__fontspec_script_int=\count345
\l__fontspec_language_int=\count346
\l__fontspec_strnum_int=\count347
\l__fontspec_tmp_int=\count348
\l__fontspec_tmpa_int=\count349
\l__fontspec_tmpb_int=\count350
\l__fontspec_tmpc_int=\count351
\l__fontspec_em_int=\count352
\l__fontspec_emdef_int=\count353
\l__fontspec_strong_int=\count354
\l__fontspec_strongdef_int=\count355
\l__fontspec_tmpa_dim=\dimen283
\l__fontspec_tmpb_dim=\dimen284
\l__fontspec_tmpc_dim=\dimen285

(/Volumes/AppleDisk/software/tex/texlive/2026/texmf-dist/tex/latex/base/fontenc
.sty
Package: fontenc 2025/07/18 v2.1d Standard LaTeX package
)
(/Volumes/AppleDisk/software/tex/texlive/2026/texmf-dist/tex/latex/fontspec/fon
tspec.cfg)))
(/Volumes/AppleDisk/software/tex/texlive/2026/texmf-dist/tex/xelatex/xecjk/xeCJ
K.cfg
File: xeCJK.cfg 2022/08/05 v3.9.1 Configuration file for xeCJK package
))
\ccwd=\dimen286
\l__ctex_ccglue_skip=\skip88
)
\l__ctex_ziju_dim=\dimen287

(/Volumes/AppleDisk/software/tex/texlive/2026/texmf-dist/tex/latex/zhnumber/zhn
umber.sty
Package: zhnumber 2022/07/14 v3.0 Typesetting numbers with Chinese glyphs
\l__zhnum_scale_int=\count356
\l__zhnum_tmp_int=\count357

(/Volumes/AppleDisk/software/tex/texlive/2026/texmf-dist/tex/latex/zhnumber/zhn
umber-utf8.cfg
File: zhnumber-utf8.cfg 2022/07/14 v3.0 Chinese numerals with UTF8 encoding
))
(/Volumes/AppleDisk/software/tex/texlive/2026/texmf-dist/tex/latex/ctex/scheme/
ctex-scheme-plain.def
File: ctex-scheme-plain.def 2022/07/14 v2.5.10 Plain scheme for generic (CTEX)
)
(/Volumes/AppleDisk/software/tex/texlive/2026/texmf-dist/tex/latex/ctex/ctex-cs
4size.clo
File: ctex-cs4size.clo 2022/07/14 v2.5.10 cs4size option (CTEX)
)
(/Volumes/AppleDisk/software/tex/texlive/2026/texmf-dist/tex/latex/ctex/fontset
/ctex-fontset-mac.def
File: ctex-fontset-mac.def 2022/07/14 v2.5.10 macOS fonts definition (CTEX)

(/Volumes/AppleDisk/software/tex/texlive/2026/texmf-dist/tex/latex/ctex/fontset
/ctex-fontset-macold.def
File: ctex-fontset-macold.def 2022/07/14 v2.5.10 macOS fonts definition for Yos
emite or earlier version (CTEX)

Package fontspec Info: 
(fontspec)             Script 'CJK' not explicitly supported within font
(fontspec)             'STSong'. Check the typeset output, and if it is okay
(fontspec)             then ignore this warning. Otherwise a different font
(fontspec)             should be chosen.


Package fontspec Info: 
(fontspec)             Could not resolve font "STKaiti/B" (it probably doesn't
(fontspec)             exist).


Package fontspec Info: 
(fontspec)             Could not resolve font "STHeiti/I" (it probably doesn't
(fontspec)             exist).


Package fontspec Info: 
(fontspec)             Could not resolve font "STSong/BI" (it probably doesn't
(fontspec)             exist).


Package fontspec Info: 
(fontspec)             Font family 'STSong(0)' created for font 'STSong' with
(fontspec)             options
(fontspec)             [Script={CJK},BoldFont={STHeiti},ItalicFont={STKaiti}].
(fontspec)              
(fontspec)              This font family consists of the following NFSS
(fontspec)             series/shapes:
(fontspec)              
(fontspec)             - 'normal' (m/n) with NFSS spec.:
(fontspec)             <->"STSong/OT:script=hani;language=dflt;"
(fontspec)             - 'bold' (b/n) with NFSS spec.:
(fontspec)             <->"STHeiti/OT:script=hani;language=dflt;"
(fontspec)             - 'italic' (m/it) with NFSS spec.:
(fontspec)             <->"STKaiti/OT:script=hani;language=dflt;"

)))
(/Volumes/AppleDisk/software/tex/texlive/2026/texmf-dist/tex/latex/ctex/config/
ctex.cfg
File: ctex.cfg 2022/07/14 v2.5.10 Configuration file (CTEX)
)

Package fontspec Info: 
(fontspec)             Font family 'TimesNewRoman(0)' created for font 'Times
(fontspec)             New Roman' with options [Ligatures=TeX].
(fontspec)              
(fontspec)              This font family consists of the following NFSS
(fontspec)             series/shapes:
(fontspec)              
(fontspec)             - 'normal' (m/n) with NFSS spec.: <->"Times New
(fontspec)             Roman/OT:script=latn;language=dflt;mapping=tex-text;"
(fontspec)             - 'bold' (b/n) with NFSS spec.: <->"Times New
(fontspec)             Roman/B/OT:script=latn;language=dflt;mapping=tex-text;"
(fontspec)             - 'italic' (m/it) with NFSS spec.: <->"Times New
(fontspec)             Roman/I/OT:script=latn;language=dflt;mapping=tex-text;"
(fontspec)             - 'bold italic' (b/it) with NFSS spec.: <->"Times New
(fontspec)             Roman/BI/OT:script=latn;language=dflt;mapping=tex-text;"



(/Volumes/AppleDisk/software/tex/texlive/2026/texmf-dist/tex/latex/natbib/natbi
b.sty
Package: natbib 2010/09/13 8.31b (PWD, AO)
\bibhang=\skip89
\bibsep=\skip90
LaTeX Info: Redefining \cite on input line 694.
\c@NAT@ctr=\count358
)
(/Volumes/AppleDisk/software/tex/texlive/2026/texmf-dist/tex/latex/gbt7714/gbt7
714.sty
Package: gbt7714 2026/01/15 v2.1.9 GB/T 7714 BibTeX Style
)
(/Volumes/AppleDisk/software/tex/texlive/2026/texmf-dist/tex/latex/caption/capt
ion.sty
Package: caption 2023/08/05 v3.6o Customizing captions (AR)

(/Volumes/AppleDisk/software/tex/texlive/2026/texmf-dist/tex/latex/caption/capt
ion3.sty
Package: caption3 2023/07/31 v2.4d caption3 kernel (AR)
\caption@tempdima=\dimen288
\captionmargin=\dimen289
\caption@leftmargin=\dimen290
\caption@rightmargin=\dimen291
\caption@width=\dimen292
\caption@indent=\dimen293
\caption@parindent=\dimen294
\caption@hangindent=\dimen295
Package caption Info: Standard document class detected.
)
\c@caption@flags=\count359
\c@continuedfloat=\count360
Package caption Info: hyperref package is loaded.
)
(/Volumes/AppleDisk/software/tex/texlive/2026/texmf-dist/tex/latex/float/float.
sty
Package: float 2001/11/08 v1.3d Float enhancements (AL)
\c@float@type=\count361
\float@exts=\toks32
\float@box=\box107
\@float@everytoks=\toks33
\@floatcapt=\box108
)
(/Volumes/AppleDisk/software/tex/texlive/2026/texmf-dist/tex/latex/listings/lis
tings.sty
\lst@mode=\count362
\lst@gtempboxa=\box109
\lst@token=\toks34
\lst@length=\count363
\lst@currlwidth=\dimen296
\lst@column=\count364
\lst@pos=\count365
\lst@lostspace=\dimen297
\lst@width=\dimen298
\lst@newlines=\count366
\lst@lineno=\count367
\lst@maxwidth=\dimen299

(/Volumes/AppleDisk/software/tex/texlive/2026/texmf-dist/tex/latex/listings/lst
patch.sty
File: lstpatch.sty 2025/11/14 1.11b (Carsten Heinz)
)
(/Volumes/AppleDisk/software/tex/texlive/2026/texmf-dist/tex/latex/listings/lst
misc.sty
File: lstmisc.sty 2025/11/14 1.11b (Carsten Heinz)
\c@lstnumber=\count368
\lst@skipnumbers=\count369
\lst@framebox=\box110
)
(/Volumes/AppleDisk/software/tex/texlive/2026/texmf-dist/tex/latex/listings/lis
tings.cfg
File: listings.cfg 2025/11/14 1.11b listings configuration
))
Package: listings 2025/11/14 1.11b (Carsten Heinz)

(/Volumes/AppleDisk/software/tex/texlive/2026/texmf-dist/tex/xelatex/xecjk/xeCJ
K-listings.sty
Package: xeCJK-listings 2022/08/05 v3.9.1 xeCJK patch file for listings
\l__xeCJK_listings_max_char_int=\count370
\l__xeCJK_listings_flag_int=\count371
)
==> First Aid for listings.sty no longer applied!
    Expected:
        2024/09/23 1.10c (Carsten Heinz)
    but found:
        2025/11/14 1.11b (Carsten Heinz)
    so I'm assuming it got fixed.

(/Volumes/AppleDisk/software/tex/texlive/2026/texmf-dist/tex/latex/setspace/set
space.sty
Package: setspace 2022/12/04 v6.7b set line spacing
)
(/Volumes/AppleDisk/software/tex/texlive/2026/texmf-dist/tex/latex/titlesec/tit
lesec.sty
Package: titlesec 2025/01/04 v2.17 Sectioning titles
\ttl@box=\box111
\beforetitleunit=\skip91
\aftertitleunit=\skip92
\ttl@plus=\dimen300
\ttl@minus=\dimen301
\ttl@toksa=\toks35
\titlewidth=\dimen302
\titlewidthlast=\dimen303
\titlewidthfirst=\dimen304
)
(/Volumes/AppleDisk/software/tex/texlive/2026/texmf-dist/tex/latex/titlesec/tit
letoc.sty
Package: titletoc 2025/01/04 v2.17 TOC entries
\ttl@leftsep=\dimen305
)
(/Volumes/AppleDisk/software/tex/texlive/2026/texmf-dist/tex/latex/ragged2e/rag
ged2e.sty
Package: ragged2e 2023/06/22 v3.6 ragged2e Package
\CenteringLeftskip=\skip93
\RaggedLeftLeftskip=\skip94
\RaggedRightLeftskip=\skip95
\CenteringRightskip=\skip96
\RaggedLeftRightskip=\skip97
\RaggedRightRightskip=\skip98
\CenteringParfillskip=\skip99
\RaggedLeftParfillskip=\skip100
\RaggedRightParfillskip=\skip101
\JustifyingParfillskip=\skip102
\CenteringParindent=\skip103
\RaggedLeftParindent=\skip104
\RaggedRightParindent=\skip105
\JustifyingParindent=\skip106
)
(/Volumes/AppleDisk/software/tex/texlive/2026/texmf-dist/tex/latex/footmisc/foo
tmisc.sty
Package: footmisc 2025/05/09 v7.0b a miscellany of footnote facilities
\FN@temptoken=\toks36
\footnotemargin=\dimen306
Package footmisc Info: Declaring symbol style bringhurst on input line 549.
Package footmisc Info: Declaring symbol style chicago on input line 557.
Package footmisc Info: Declaring symbol style wiley on input line 566.
Package footmisc Info: Declaring symbol style lamport-robust on input line 577.

Package footmisc Info: Declaring symbol style lamport* on input line 597.
Package footmisc Info: Declaring symbol style lamport*-robust on input line 618
.
))
(/Volumes/AppleDisk/software/tex/texlive/2026/texmf-dist/tex/latex/pgf/frontend
layer/tikz.sty
(/Volumes/AppleDisk/software/tex/texlive/2026/texmf-dist/tex/latex/pgf/basiclay
er/pgf.sty
(/Volumes/AppleDisk/software/tex/texlive/2026/texmf-dist/tex/latex/pgf/utilitie
s/pgfrcs.sty
(/Volumes/AppleDisk/software/tex/texlive/2026/texmf-dist/tex/generic/pgf/utilit
ies/pgfutil-common.tex
\pgfutil@everybye=\toks37
\pgfutil@tempdima=\dimen307
\pgfutil@tempdimb=\dimen308
)
(/Volumes/AppleDisk/software/tex/texlive/2026/texmf-dist/tex/generic/pgf/utilit
ies/pgfutil-latex.def
\pgfutil@abb=\box112
)
(/Volumes/AppleDisk/software/tex/texlive/2026/texmf-dist/tex/generic/pgf/utilit
ies/pgfrcs.code.tex
(/Volumes/AppleDisk/software/tex/texlive/2026/texmf-dist/tex/generic/pgf/pgf.re
vision.tex)
Package: pgfrcs 2025-08-29 v3.1.11a (3.1.11a)
))
Package: pgf 2025-08-29 v3.1.11a (3.1.11a)

(/Volumes/AppleDisk/software/tex/texlive/2026/texmf-dist/tex/latex/pgf/basiclay
er/pgfcore.sty
(/Volumes/AppleDisk/software/tex/texlive/2026/texmf-dist/tex/latex/pgf/systemla
yer/pgfsys.sty
(/Volumes/AppleDisk/software/tex/texlive/2026/texmf-dist/tex/generic/pgf/system
layer/pgfsys.code.tex
Package: pgfsys 2025-08-29 v3.1.11a (3.1.11a)

(/Volumes/AppleDisk/software/tex/texlive/2026/texmf-dist/tex/generic/pgf/utilit
ies/pgfkeys.code.tex
\pgfkeys@pathtoks=\toks38
\pgfkeys@temptoks=\toks39

(/Volumes/AppleDisk/software/tex/texlive/2026/texmf-dist/tex/generic/pgf/utilit
ies/pgfkeyslibraryfiltered.code.tex
\pgfkeys@tmptoks=\toks40
))
\pgf@x=\dimen309
\pgf@y=\dimen310
\pgf@xa=\dimen311
\pgf@ya=\dimen312
\pgf@xb=\dimen313
\pgf@yb=\dimen314
\pgf@xc=\dimen315
\pgf@yc=\dimen316
\pgf@xd=\dimen317
\pgf@yd=\dimen318
\w@pgf@writea=\write3
\r@pgf@reada=\read2
\c@pgf@counta=\count372
\c@pgf@countb=\count373
\c@pgf@countc=\count374
\c@pgf@countd=\count375
\t@pgf@toka=\toks41
\t@pgf@tokb=\toks42
\t@pgf@tokc=\toks43
\pgf@sys@id@count=\count376

(/Volumes/AppleDisk/software/tex/texlive/2026/texmf-dist/tex/generic/pgf/system
layer/pgf.cfg
File: pgf.cfg 2025-08-29 v3.1.11a (3.1.11a)
)
Driver file for pgf: pgfsys-xetex.def

(/Volumes/AppleDisk/software/tex/texlive/2026/texmf-dist/tex/generic/pgf/system
layer/pgfsys-xetex.def
File: pgfsys-xetex.def 2025-08-29 v3.1.11a (3.1.11a)

(/Volumes/AppleDisk/software/tex/texlive/2026/texmf-dist/tex/generic/pgf/system
layer/pgfsys-dvipdfmx.def
File: pgfsys-dvipdfmx.def 2025-08-29 v3.1.11a (3.1.11a)

(/Volumes/AppleDisk/software/tex/texlive/2026/texmf-dist/tex/generic/pgf/system
layer/pgfsys-common-pdf.def
File: pgfsys-common-pdf.def 2025-08-29 v3.1.11a (3.1.11a)
)
\pgfsys@objnum=\count377
)))
(/Volumes/AppleDisk/software/tex/texlive/2026/texmf-dist/tex/generic/pgf/system
layer/pgfsyssoftpath.code.tex
File: pgfsyssoftpath.code.tex 2025-08-29 v3.1.11a (3.1.11a)
\pgfsyssoftpath@smallbuffer@items=\count378
\pgfsyssoftpath@bigbuffer@items=\count379
)
(/Volumes/AppleDisk/software/tex/texlive/2026/texmf-dist/tex/generic/pgf/system
layer/pgfsysprotocol.code.tex
File: pgfsysprotocol.code.tex 2025-08-29 v3.1.11a (3.1.11a)
))
(/Volumes/AppleDisk/software/tex/texlive/2026/texmf-dist/tex/generic/pgf/basicl
ayer/pgfcore.code.tex
Package: pgfcore 2025-08-29 v3.1.11a (3.1.11a)

(/Volumes/AppleDisk/software/tex/texlive/2026/texmf-dist/tex/generic/pgf/math/p
gfmath.code.tex
(/Volumes/AppleDisk/software/tex/texlive/2026/texmf-dist/tex/generic/pgf/math/p
gfmathutil.code.tex)
(/Volumes/AppleDisk/software/tex/texlive/2026/texmf-dist/tex/generic/pgf/math/p
gfmathparser.code.tex
\pgfmath@dimen=\dimen319
\pgfmath@count=\count380
\pgfmath@box=\box113
\pgfmath@toks=\toks44
\pgfmath@stack@operand=\toks45
\pgfmath@stack@operation=\toks46
)
(/Volumes/AppleDisk/software/tex/texlive/2026/texmf-dist/tex/generic/pgf/math/p
gfmathfunctions.code.tex)
(/Volumes/AppleDisk/software/tex/texlive/2026/texmf-dist/tex/generic/pgf/math/p
gfmathfunctions.basic.code.tex)
(/Volumes/AppleDisk/software/tex/texlive/2026/texmf-dist/tex/generic/pgf/math/p
gfmathfunctions.trigonometric.code.tex)
(/Volumes/AppleDisk/software/tex/texlive/2026/texmf-dist/tex/generic/pgf/math/p
gfmathfunctions.random.code.tex)
(/Volumes/AppleDisk/software/tex/texlive/2026/texmf-dist/tex/generic/pgf/math/p
gfmathfunctions.comparison.code.tex)
(/Volumes/AppleDisk/software/tex/texlive/2026/texmf-dist/tex/generic/pgf/math/p
gfmathfunctions.base.code.tex)
(/Volumes/AppleDisk/software/tex/texlive/2026/texmf-dist/tex/generic/pgf/math/p
gfmathfunctions.round.code.tex)
(/Volumes/AppleDisk/software/tex/texlive/2026/texmf-dist/tex/generic/pgf/math/p
gfmathfunctions.misc.code.tex)
(/Volumes/AppleDisk/software/tex/texlive/2026/texmf-dist/tex/generic/pgf/math/p
gfmathfunctions.integerarithmetics.code.tex)
(/Volumes/AppleDisk/software/tex/texlive/2026/texmf-dist/tex/generic/pgf/math/p
gfmathcalc.code.tex)
(/Volumes/AppleDisk/software/tex/texlive/2026/texmf-dist/tex/generic/pgf/math/p
gfmathfloat.code.tex
\c@pgfmathroundto@lastzeros=\count381
))
(/Volumes/AppleDisk/software/tex/texlive/2026/texmf-dist/tex/generic/pgf/math/p
gfint.code.tex)
(/Volumes/AppleDisk/software/tex/texlive/2026/texmf-dist/tex/generic/pgf/basicl
ayer/pgfcorepoints.code.tex
File: pgfcorepoints.code.tex 2025-08-29 v3.1.11a (3.1.11a)
\pgf@picminx=\dimen320
\pgf@picmaxx=\dimen321
\pgf@picminy=\dimen322
\pgf@picmaxy=\dimen323
\pgf@pathminx=\dimen324
\pgf@pathmaxx=\dimen325
\pgf@pathminy=\dimen326
\pgf@pathmaxy=\dimen327
\pgf@xx=\dimen328
\pgf@xy=\dimen329
\pgf@yx=\dimen330
\pgf@yy=\dimen331
\pgf@zx=\dimen332
\pgf@zy=\dimen333
)
(/Volumes/AppleDisk/software/tex/texlive/2026/texmf-dist/tex/generic/pgf/basicl
ayer/pgfcorepathconstruct.code.tex
File: pgfcorepathconstruct.code.tex 2025-08-29 v3.1.11a (3.1.11a)
\pgf@path@lastx=\dimen334
\pgf@path@lasty=\dimen335
)
(/Volumes/AppleDisk/software/tex/texlive/2026/texmf-dist/tex/generic/pgf/basicl
ayer/pgfcorepathusage.code.tex
File: pgfcorepathusage.code.tex 2025-08-29 v3.1.11a (3.1.11a)
\pgf@shorten@end@additional=\dimen336
\pgf@shorten@start@additional=\dimen337
)
(/Volumes/AppleDisk/software/tex/texlive/2026/texmf-dist/tex/generic/pgf/basicl
ayer/pgfcorescopes.code.tex
File: pgfcorescopes.code.tex 2025-08-29 v3.1.11a (3.1.11a)
\pgfpic=\box114
\pgf@hbox=\box115
\pgf@layerbox@main=\box116
\pgf@picture@serial@count=\count382
)
(/Volumes/AppleDisk/software/tex/texlive/2026/texmf-dist/tex/generic/pgf/basicl
ayer/pgfcoregraphicstate.code.tex
File: pgfcoregraphicstate.code.tex 2025-08-29 v3.1.11a (3.1.11a)
\pgflinewidth=\dimen338
)
(/Volumes/AppleDisk/software/tex/texlive/2026/texmf-dist/tex/generic/pgf/basicl
ayer/pgfcoretransformations.code.tex
File: pgfcoretransformations.code.tex 2025-08-29 v3.1.11a (3.1.11a)
\pgf@pt@x=\dimen339
\pgf@pt@y=\dimen340
\pgf@pt@temp=\dimen341
)
(/Volumes/AppleDisk/software/tex/texlive/2026/texmf-dist/tex/generic/pgf/basicl
ayer/pgfcorequick.code.tex
File: pgfcorequick.code.tex 2025-08-29 v3.1.11a (3.1.11a)
)
(/Volumes/AppleDisk/software/tex/texlive/2026/texmf-dist/tex/generic/pgf/basicl
ayer/pgfcoreobjects.code.tex
File: pgfcoreobjects.code.tex 2025-08-29 v3.1.11a (3.1.11a)
)
(/Volumes/AppleDisk/software/tex/texlive/2026/texmf-dist/tex/generic/pgf/basicl
ayer/pgfcorepathprocessing.code.tex
File: pgfcorepathprocessing.code.tex 2025-08-29 v3.1.11a (3.1.11a)
)
(/Volumes/AppleDisk/software/tex/texlive/2026/texmf-dist/tex/generic/pgf/basicl
ayer/pgfcorearrows.code.tex
File: pgfcorearrows.code.tex 2025-08-29 v3.1.11a (3.1.11a)
\pgfarrowsep=\dimen342
)
(/Volumes/AppleDisk/software/tex/texlive/2026/texmf-dist/tex/generic/pgf/basicl
ayer/pgfcoreshade.code.tex
File: pgfcoreshade.code.tex 2025-08-29 v3.1.11a (3.1.11a)
\pgf@max=\dimen343
\pgf@sys@shading@range@num=\count383
\pgf@shadingcount=\count384
)
(/Volumes/AppleDisk/software/tex/texlive/2026/texmf-dist/tex/generic/pgf/basicl
ayer/pgfcoreimage.code.tex
File: pgfcoreimage.code.tex 2025-08-29 v3.1.11a (3.1.11a)
)
(/Volumes/AppleDisk/software/tex/texlive/2026/texmf-dist/tex/generic/pgf/basicl
ayer/pgfcoreexternal.code.tex
File: pgfcoreexternal.code.tex 2025-08-29 v3.1.11a (3.1.11a)
\pgfexternal@startupbox=\box117
)
(/Volumes/AppleDisk/software/tex/texlive/2026/texmf-dist/tex/generic/pgf/basicl
ayer/pgfcorelayers.code.tex
File: pgfcorelayers.code.tex 2025-08-29 v3.1.11a (3.1.11a)
)
(/Volumes/AppleDisk/software/tex/texlive/2026/texmf-dist/tex/generic/pgf/basicl
ayer/pgfcoretransparency.code.tex
File: pgfcoretransparency.code.tex 2025-08-29 v3.1.11a (3.1.11a)
)
(/Volumes/AppleDisk/software/tex/texlive/2026/texmf-dist/tex/generic/pgf/basicl
ayer/pgfcorepatterns.code.tex
File: pgfcorepatterns.code.tex 2025-08-29 v3.1.11a (3.1.11a)
)
(/Volumes/AppleDisk/software/tex/texlive/2026/texmf-dist/tex/generic/pgf/basicl
ayer/pgfcorerdf.code.tex
File: pgfcorerdf.code.tex 2025-08-29 v3.1.11a (3.1.11a)
)))
(/Volumes/AppleDisk/software/tex/texlive/2026/texmf-dist/tex/generic/pgf/module
s/pgfmoduleshapes.code.tex
File: pgfmoduleshapes.code.tex 2025-08-29 v3.1.11a (3.1.11a)
\pgfnodeparttextbox=\box118
)
(/Volumes/AppleDisk/software/tex/texlive/2026/texmf-dist/tex/generic/pgf/module
s/pgfmoduleplot.code.tex
File: pgfmoduleplot.code.tex 2025-08-29 v3.1.11a (3.1.11a)
)
(/Volumes/AppleDisk/software/tex/texlive/2026/texmf-dist/tex/latex/pgf/compatib
ility/pgfcomp-version-0-65.sty
Package: pgfcomp-version-0-65 2025-08-29 v3.1.11a (3.1.11a)
\pgf@nodesepstart=\dimen344
\pgf@nodesepend=\dimen345
)
(/Volumes/AppleDisk/software/tex/texlive/2026/texmf-dist/tex/latex/pgf/compatib
ility/pgfcomp-version-1-18.sty
Package: pgfcomp-version-1-18 2025-08-29 v3.1.11a (3.1.11a)
))
(/Volumes/AppleDisk/software/tex/texlive/2026/texmf-dist/tex/latex/pgf/utilitie
s/pgffor.sty
(/Volumes/AppleDisk/software/tex/texlive/2026/texmf-dist/tex/latex/pgf/utilitie
s/pgfkeys.sty
(/Volumes/AppleDisk/software/tex/texlive/2026/texmf-dist/tex/generic/pgf/utilit
ies/pgfkeys.code.tex))
(/Volumes/AppleDisk/software/tex/texlive/2026/texmf-dist/tex/latex/pgf/math/pgf
math.sty
(/Volumes/AppleDisk/software/tex/texlive/2026/texmf-dist/tex/generic/pgf/math/p
gfmath.code.tex))
(/Volumes/AppleDisk/software/tex/texlive/2026/texmf-dist/tex/generic/pgf/utilit
ies/pgffor.code.tex
Package: pgffor 2025-08-29 v3.1.11a (3.1.11a)
\pgffor@iter=\dimen346
\pgffor@skip=\dimen347
\pgffor@stack=\toks47
\pgffor@toks=\toks48
))
(/Volumes/AppleDisk/software/tex/texlive/2026/texmf-dist/tex/generic/pgf/fronte
ndlayer/tikz/tikz.code.tex
Package: tikz 2025-08-29 v3.1.11a (3.1.11a)

(/Volumes/AppleDisk/software/tex/texlive/2026/texmf-dist/tex/generic/pgf/librar
ies/pgflibraryplothandlers.code.tex
File: pgflibraryplothandlers.code.tex 2025-08-29 v3.1.11a (3.1.11a)
\pgf@plot@mark@count=\count385
\pgfplotmarksize=\dimen348
)
\tikz@lastx=\dimen349
\tikz@lasty=\dimen350
\tikz@lastxsaved=\dimen351
\tikz@lastysaved=\dimen352
\tikz@lastmovetox=\dimen353
\tikz@lastmovetoy=\dimen354
\tikzleveldistance=\dimen355
\tikzsiblingdistance=\dimen356
\tikz@figbox=\box119
\tikz@figbox@bg=\box120
\tikz@tempbox=\box121
\tikz@tempbox@bg=\box122
\tikztreelevel=\count386
\tikznumberofchildren=\count387
\tikznumberofcurrentchild=\count388
\tikz@fig@count=\count389

(/Volumes/AppleDisk/software/tex/texlive/2026/texmf-dist/tex/generic/pgf/module
s/pgfmodulematrix.code.tex
File: pgfmodulematrix.code.tex 2025-08-29 v3.1.11a (3.1.11a)
\pgfmatrixcurrentrow=\count390
\pgfmatrixcurrentcolumn=\count391
\pgf@matrix@numberofcolumns=\count392
)
\tikz@expandcount=\count393

(/Volumes/AppleDisk/software/tex/texlive/2026/texmf-dist/tex/generic/pgf/fronte
ndlayer/tikz/libraries/tikzlibrarytopaths.code.tex
File: tikzlibrarytopaths.code.tex 2025-08-29 v3.1.11a (3.1.11a)
)))
(/Volumes/AppleDisk/software/tex/texlive/2026/texmf-dist/tex/generic/pgf/fronte
ndlayer/tikz/libraries/tikzlibrarypositioning.code.tex
File: tikzlibrarypositioning.code.tex 2025-08-29 v3.1.11a (3.1.11a)
)
(/Volumes/AppleDisk/software/tex/texlive/2026/texmf-dist/tex/generic/pgf/librar
ies/pgflibraryarrows.meta.code.tex
File: pgflibraryarrows.meta.code.tex 2025-08-29 v3.1.11a (3.1.11a)
\pgfarrowinset=\dimen357
\pgfarrowlength=\dimen358
\pgfarrowwidth=\dimen359
\pgfarrowlinewidth=\dimen360
)
(/Volumes/AppleDisk/software/tex/texlive/2026/texmf-dist/tex/generic/pgf/fronte
ndlayer/tikz/libraries/tikzlibraryshapes.geometric.code.tex
File: tikzlibraryshapes.geometric.code.tex 2025-08-29 v3.1.11a (3.1.11a)

(/Volumes/AppleDisk/software/tex/texlive/2026/texmf-dist/tex/generic/pgf/librar
ies/shapes/pgflibraryshapes.geometric.code.tex
File: pgflibraryshapes.geometric.code.tex 2025-08-29 v3.1.11a (3.1.11a)
)) (./main.aux)
\openout1 = `main.aux'.

LaTeX Font Info:    Checking defaults for OML/cmm/m/it on input line 50.
LaTeX Font Info:    ... okay on input line 50.
LaTeX Font Info:    Checking defaults for OMS/cmsy/m/n on input line 50.
LaTeX Font Info:    ... okay on input line 50.
LaTeX Font Info:    Checking defaults for OT1/cmr/m/n on input line 50.
LaTeX Font Info:    ... okay on input line 50.
LaTeX Font Info:    Checking defaults for T1/cmr/m/n on input line 50.
LaTeX Font Info:    ... okay on input line 50.
LaTeX Font Info:    Checking defaults for TS1/cmr/m/n on input line 50.
LaTeX Font Info:    ... okay on input line 50.
LaTeX Font Info:    Checking defaults for TU/lmr/m/n on input line 50.
LaTeX Font Info:    ... okay on input line 50.
LaTeX Font Info:    Checking defaults for OMX/cmex/m/n on input line 50.
LaTeX Font Info:    ... okay on input line 50.
LaTeX Font Info:    Checking defaults for U/cmr/m/n on input line 50.
LaTeX Font Info:    ... okay on input line 50.
LaTeX Font Info:    Checking defaults for PD1/pdf/m/n on input line 50.
LaTeX Font Info:    ... okay on input line 50.
LaTeX Font Info:    Checking defaults for PU/pdf/m/n on input line 50.
LaTeX Font Info:    ... okay on input line 50.

*geometry* driver: auto-detecting
*geometry* detected driver: xetex
*geometry* verbose mode - [ preamble ] result:
* driver: xetex
* paper: a4paper
* layout: <same size as paper>
* layoutoffset:(h,v)=(0.0pt,0.0pt)
* modes: 
* h-part:(L,W,R)=(68.28644pt, 460.935pt, 68.28644pt)
* v-part:(T,H,B)=(68.28644pt, 708.47397pt, 68.28644pt)
* \paperwidth=597.50787pt
* \paperheight=845.04684pt
* \textwidth=460.935pt
* \textheight=708.47397pt
* \oddsidemargin=-3.98355pt
* \evensidemargin=-3.98355pt
* \topmargin=-24.51945pt
* \headheight=12.0pt
* \headsep=17.07182pt
* \topskip=10.0pt
* \footskip=30.0pt
* \marginparwidth=65.0pt
* \marginparsep=11.0pt
* \columnsep=10.0pt
* \skip\footins=9.0pt plus 4.0pt minus 2.0pt
* \hoffset=0.0pt
* \voffset=0.0pt
* \mag=1000
* \@twocolumnfalse
* \@twosidefalse
* \@mparswitchfalse
* \@reversemarginfalse
* (1in=72.27pt=25.4mm, 1cm=28.453pt)

Package hyperref Info: Link coloring OFF on input line 50.
(./main.out) (./main.out)
\@outlinefile=\write4
\openout4 = `main.out'.

Package caption Info: Begin \AtBeginDocument code.
Package caption Info: float package is loaded.
Package caption Info: listings package is loaded.
Package caption Info: End \AtBeginDocument code.
\c@lstlisting=\count394
File: SCAU.png Graphic file (type bmp)
<SCAU.png>

Package fontspec Info: 
(fontspec)             Script 'CJK' not explicitly supported within font
(fontspec)             'STSong'. Check the typeset output, and if it is okay
(fontspec)             then ignore this warning. Otherwise a different font
(fontspec)             should be chosen.


Package fontspec Info: 
(fontspec)             Font family 'STSong(1)' created for font 'STSong' with
(fontspec)             options
(fontspec)             [Script={CJK},AutoFakeBold={1},AutoFakeSlant={0.167}].
(fontspec)              
(fontspec)              This font family consists of the following NFSS
(fontspec)             series/shapes:
(fontspec)              
(fontspec)             - 'normal' (m/n) with NFSS spec.:
(fontspec)             <->"STSong/OT:script=hani;language=dflt;"
(fontspec)             - 'bold' (b/n) with NFSS spec.:
(fontspec)             <->"STSong/OT:script=hani;language=dflt;embolden=1;"
(fontspec)             - 'italic' (m/it) with NFSS spec.:
(fontspec)             <->"STSong/OT:script=hani;language=dflt;slant=0.167;"
(fontspec)             - 'bold italic' (b/it) with NFSS spec.:
(fontspec)             <->"STSong/OT:script=hani;language=dflt;embolden=1;slant
=0.167;"


Package fontspec Info: 
(fontspec)             Script 'CJK' not explicitly supported within font
(fontspec)             'STHeiti'. Check the typeset output, and if it is okay
(fontspec)             then ignore this warning. Otherwise a different font
(fontspec)             should be chosen.


Package fontspec Info: 
(fontspec)             Font family 'STHeiti(0)' created for font 'STHeiti'
(fontspec)             with options
(fontspec)             [Script={CJK},AutoFakeBold={1},AutoFakeSlant={0.167}].
(fontspec)              
(fontspec)              This font family consists of the following NFSS
(fontspec)             series/shapes:
(fontspec)              
(fontspec)             - 'normal' (m/n) with NFSS spec.:
(fontspec)             <->"STHeiti/OT:script=hani;language=dflt;"
(fontspec)             - 'bold' (b/n) with NFSS spec.:
(fontspec)             <->"STHeiti/OT:script=hani;language=dflt;embolden=1;"
(fontspec)             - 'italic' (m/it) with NFSS spec.:
(fontspec)             <->"STHeiti/OT:script=hani;language=dflt;slant=0.167;"
(fontspec)             - 'bold italic' (b/it) with NFSS spec.:
(fontspec)             <->"STHeiti/OT:script=hani;language=dflt;embolden=1;slan
t=0.167;"

 [1

]
LaTeX Font Info:    Trying to load font information for U+msa on input line 62.


(/Volumes/AppleDisk/software/tex/texlive/2026/texmf-dist/tex/latex/amsfonts/ums
a.fd
File: umsa.fd 2013/01/14 v3.01 AMS symbols A
)
LaTeX Font Info:    Trying to load font information for U+msb on input line 62.


(/Volumes/AppleDisk/software/tex/texlive/2026/texmf-dist/tex/latex/amsfonts/ums
b.fd
File: umsb.fd 2013/01/14 v3.01 AMS symbols B
) [0]
Underfull \hbox (badness 10000) in paragraph at lines 72--74

 []


Underfull \hbox (badness 10000) in paragraph at lines 72--74

 []

[1

] [2


]
Overfull \hbox (2.34209pt too wide) in paragraph at lines 91--91
| []
 []

(./main.toc [3


] [4])
\tf@toc=\write5
\openout5 = `main.toc'.

 [5] [1


]

Package fontspec Info: 
(fontspec)             Script 'CJK' not explicitly supported within font
(fontspec)             'STKaiti'. Check the typeset output, and if it is okay
(fontspec)             then ignore this warning. Otherwise a different font
(fontspec)             should be chosen.


Package fontspec Info: 
(fontspec)             Font family 'STKaiti(0)' created for font 'STKaiti'
(fontspec)             with options
(fontspec)             [Script={CJK},AutoFakeBold={1},AutoFakeSlant={0.167}].
(fontspec)              
(fontspec)              This font family consists of the following NFSS
(fontspec)             series/shapes:
(fontspec)              
(fontspec)             - 'normal' (m/n) with NFSS spec.:
(fontspec)             <->"STKaiti/OT:script=hani;language=dflt;"
(fontspec)             - 'bold' (b/n) with NFSS spec.:
(fontspec)             <->"STKaiti/OT:script=hani;language=dflt;embolden=1;"
(fontspec)             - 'italic' (m/it) with NFSS spec.:
(fontspec)             <->"STKaiti/OT:script=hani;language=dflt;slant=0.167;"
(fontspec)             - 'bold italic' (b/it) with NFSS spec.:
(fontspec)             <->"STKaiti/OT:script=hani;language=dflt;embolden=1;slan
t=0.167;"

 [2] [3] [4] [5] [6

] [7] [8] [9] [10

] [11] [12]
[13] [14] [15

]
Overfull \hbox (43.30283pt too wide) in paragraph at lines 370--371
[]\TU/STSong(1)/m/n/12.045 用 户 权 限 控 制 采 用 \TU/TimesNewRoman(0)/m/n/12.045 RBAC
 |\TU/STSong(1)/m/n/12.045 （基 于 角 色 的 访 问 控 制）|  模 型。|  系 统 定 义 了 三 类 角 色：| \TU
/TimesNewRoman(0)/m/n/12.045 ROLE_VISITOR
 []

[16] [17]
! Misplaced \noalign.
\hline ->\noalign 
                  {\ifnum 0=`}\fi \hrule \@height \arrayrulewidth \futurelet...
l.424 \hline
            
I expect to see \noalign only after the \cr of
an alignment. Proceed, and I'll ignore this case.

! Misplaced \noalign.
\hline ->\noalign 
                  {\ifnum 0=`}\fi \hrule \@height \arrayrulewidth \futurelet...
l.440 \hline
            
I expect to see \noalign only after the \cr of
an alignment. Proceed, and I'll ignore this case.

! Misplaced \noalign.
\hline ->\noalign 
                  {\ifnum 0=`}\fi \hrule \@height \arrayrulewidth \futurelet...
l.459 \hline
            
I expect to see \noalign only after the \cr of
an alignment. Proceed, and I'll ignore this case.

! Misplaced \noalign.
\hline ->\noalign 
                  {\ifnum 0=`}\fi \hrule \@height \arrayrulewidth \futurelet...
l.472 \hline
            
I expect to see \noalign only after the \cr of
an alignment. Proceed, and I'll ignore this case.

! Misplaced \noalign.
\hline ->\noalign 
                  {\ifnum 0=`}\fi \hrule \@height \arrayrulewidth \futurelet...
l.481 \hline
            
I expect to see \noalign only after the \cr of
an alignment. Proceed, and I'll ignore this case.

[18]
Overfull \hbox (6.27841pt too wide) in paragraph at lines 517--517
[]|\TU/TimesNewRoman(0)/m/n/12.045 VARCHAR(50)| 
 []


Overfull \hbox (12.3009pt too wide) in paragraph at lines 518--518
[]|\TU/TimesNewRoman(0)/m/n/12.045 VARCHAR(255)| 
 []


Overfull \hbox (6.27841pt too wide) in paragraph at lines 519--519
[]|\TU/TimesNewRoman(0)/m/n/12.045 VARCHAR(50)| 
 []


Overfull \hbox (12.3009pt too wide) in paragraph at lines 520--520
[]|\TU/TimesNewRoman(0)/m/n/12.045 VARCHAR(255)| 
 []


Overfull \hbox (12.3009pt too wide) in paragraph at lines 521--521
[]|\TU/TimesNewRoman(0)/m/n/12.045 VARCHAR(100)| 
 []


Overfull \hbox (6.27841pt too wide) in paragraph at lines 522--522
[]|\TU/TimesNewRoman(0)/m/n/12.045 VARCHAR(20)| 
 []


Overfull \hbox (12.34416pt too wide) in paragraph at lines 525--525
[]|\TU/TimesNewRoman(0)/m/n/12.045 last_login_time| 
 []


Overfull \hbox (12.3009pt too wide) in paragraph at lines 540--540
[]|\TU/TimesNewRoman(0)/m/n/12.045 VARCHAR(200)| 
 []


Overfull \hbox (12.3009pt too wide) in paragraph at lines 541--541
[]|\TU/TimesNewRoman(0)/m/n/12.045 VARCHAR(200)| 
 []


Overfull \hbox (12.3009pt too wide) in paragraph at lines 542--542
[]|\TU/TimesNewRoman(0)/m/n/12.045 VARCHAR(500)| 
 []


Overfull \hbox (12.3009pt too wide) in paragraph at lines 544--544
[]|\TU/TimesNewRoman(0)/m/n/12.045 VARCHAR(255)| 
 []


Overfull \hbox (6.27841pt too wide) in paragraph at lines 547--547
[]|\TU/TimesNewRoman(0)/m/n/12.045 VARCHAR(20)| 
 []


Overfull \hbox (15.0084pt too wide) in paragraph at lines 549--549
[]|\TU/TimesNewRoman(0)/m/n/12.045 comment_count| 
 []

[19]
Overfull \hbox (6.27841pt too wide) in paragraph at lines 570--570
[]|\TU/TimesNewRoman(0)/m/n/12.045 VARCHAR(20)| 
 []


Overfull \hbox (6.27841pt too wide) in paragraph at lines 586--586
[]|\TU/TimesNewRoman(0)/m/n/12.045 VARCHAR(50)| 
 []


(/Volumes/AppleDisk/software/tex/texlive/2026/texmf-dist/tex/latex/listings/lst
lang1.sty
File: lstlang1.sty 2025/11/14 1.11b listings language file
)

Package fontspec Info: 
(fontspec)             Script 'CJK' not explicitly supported within font
(fontspec)             'STFangsong'. Check the typeset output, and if it is
(fontspec)             okay then ignore this warning. Otherwise a different
(fontspec)             font should be chosen.


Package fontspec Info: 
(fontspec)             Font family 'STFangsong(0)' created for font
(fontspec)             'STFangsong' with options
(fontspec)             [Script={CJK},AutoFakeBold={1},AutoFakeSlant={0.167}].
(fontspec)              
(fontspec)              This font family consists of the following NFSS
(fontspec)             series/shapes:
(fontspec)              
(fontspec)             - 'normal' (m/n) with NFSS spec.:
(fontspec)             <->"STFangsong/OT:script=hani;language=dflt;"
(fontspec)             - 'bold' (b/n) with NFSS spec.:
(fontspec)             <->"STFangsong/OT:script=hani;language=dflt;embolden=1;"

(fontspec)             - 'italic' (m/it) with NFSS spec.:
(fontspec)             <->"STFangsong/OT:script=hani;language=dflt;slant=0.167;
"
(fontspec)             - 'bold italic' (b/it) with NFSS spec.:
(fontspec)             <->"STFangsong/OT:script=hani;language=dflt;embolden=1;s
lant=0.167;"

 [20] [21] [22] [23] [24] [25

]
File: Fig/login.png Graphic file (type bmp)
<Fig/login.png>
File: Fig/create_user.png Graphic file (type bmp)
<Fig/create_user.png>
 [26]
(/Volumes/AppleDisk/software/tex/texlive/2026/texmf-dist/tex/latex/listings/lst
lang1.sty
File: lstlang1.sty 2025/11/14 1.11b listings language file
) [27]
File: Fig/article_list.png Graphic file (type bmp)
<Fig/article_list.png>
 [28] [29]
File: Fig/search.png Graphic file (type bmp)
<Fig/search.png>
 [30]
File: Fig/houtaiguanli.png Graphic file (type bmp)
<Fig/houtaiguanli.png>
 [31] [32]
Overfull \hbox (2.62897pt too wide) in paragraph at lines 1056--1057
[]\TU/STSong(1)/m/n/12.045 扩 展 点 接 口 使 用 \TU/TimesNewRoman(0)/m/n/12.045 Java I
nterface \TU/STSong(1)/m/n/12.045 定 义，|  插 件 只 需 实 现 接 口 并 在 特 定 位 置 注 册 即 可。| 
\TU/TimesNewRoman(0)/m/n/12.045 Spring
 []

[33] [34] [35] [36

] [37] [38] [39] [40] [41

] [42] (./main.bbl) [43


]
Overfull \hbox (24.09pt too wide) in paragraph at lines 1307--1308
[]$[]$ 
 []

[44

] (./main.aux)
 ***********
LaTeX2e <2025-11-01>
L3 programming layer <2022/08/05>
 ***********
Package rerunfilecheck Info: File `main.out' has not changed.
(rerunfilecheck)             Checksum: 155F85F5F406F7BED1840C714683417D;8130.
 ) 
Here is how much of TeX's memory you used:
 32610 strings out of 468168
 697826 string characters out of 5432815
 1444298 words of memory out of 5000000
 60752 multiletter control sequences out of 15000+600000
 639260 words of font info for 141 fonts, out of 8000000 for 9000
 1348 hyphenation exceptions out of 8191
 108i,12n,128p,1315b,1570s stack positions out of 10000i,1000n,20000p,200000b,200000s

Output written on main.pdf (51 pages).
